<?xml version="1.0" encoding="UTF-8"?>
<!-- Generated by org.testng.reporters.JUnitReportReporter -->
<testsuite hostname="DESKTOP-RBM8KIA" failures="0" tests="1" name="com.retrans.test.RetransTest" time="1828.708" errors="0" timestamp="2023-05-17T16:17:00 IST" skipped="0">
  <testcase classname="com.retrans.test.RetransTest" name="completeReTrans" time="1828.708"/>
</testsuite> <!-- com.retrans.test.RetransTest -->
