<?xml version="1.0" encoding="UTF-8"?>
<!-- Generated by org.testng.reporters.JUnitReportReporter -->
<testsuite hostname="DESKTOP-RBM8KIA" failures="0" tests="1" name="com.retrans.test.RetransTest" time="68.842" errors="0" timestamp="2023-06-05T19:44:20 IST" skipped="0">
  <testcase classname="com.retrans.test.RetransTest" name="creatingWorkFlowRules" time="68.842"/>
</testsuite> <!-- com.retrans.test.RetransTest -->
